CONFIG=configs/longlive_train_init_real_N_d2_lam_1.yaml
Starting training job on Thu Dec  4 06:27:28 PM UTC 2025
Job ID: 1664722
Action patch enabled: True
Action patch enabled: True
Action patch enabled: True
Action patch enabled: True
Setting up EMA with weight 0.99
Setting up EMA with weight 0.99
Setting up EMA with weight 0.99
Setting up EMA with weight 0.99
output_rides_0/ride_16506_20240116020608: blacklisted, skipping directory
output_rides_0/ride_16870_20240124044029: blacklisted, skipping directory
output_rides_0/ride_16506_20240116020608: blacklisted, skipping directory
output_rides_0/ride_17133_20240125090143: blacklisted, skipping directory
output_rides_0/ride_17146_20240125095514: blacklisted, skipping directory
output_rides_0/ride_17174_20240125112909: blacklisted, skipping directory
output_rides_0/ride_16506_20240116020608: blacklisted, skipping directoryoutput_rides_0/ride_17259_20240126052519: blacklisted, skipping directory
output_rides_0/ride_16506_20240116020608: blacklisted, skipping directory
output_rides_0/ride_16870_20240124044029: blacklisted, skipping directory
output_rides_0/ride_17513_20240128043544: blacklisted, skipping directory
output_rides_0/ride_17622_20240130045931: blacklisted, skipping directory
output_rides_0/ride_17133_20240125090143: blacklisted, skipping directory
output_rides_0/ride_16870_20240124044029: blacklisted, skipping directoryoutput_rides_0/ride_17146_20240125095514: blacklisted, skipping directory

output_rides_0/ride_17174_20240125112909: blacklisted, skipping directory
output_rides_0/ride_17259_20240126052519: blacklisted, skipping directory
output_rides_0/ride_17747_20240201064120: blacklisted, skipping directory
output_rides_0/ride_17133_20240125090143: blacklisted, skipping directory
output_rides_0/ride_17146_20240125095514: blacklisted, skipping directory
output_rides_0/ride_17174_20240125112909: blacklisted, skipping directory
output_rides_0/ride_17259_20240126052519: blacklisted, skipping directory
output_rides_0/ride_17513_20240128043544: blacklisted, skipping directory

output_rides_1/ride_17950_20240207020016: blacklisted, skipping directory
output_rides_1/ride_17963_20240207045230: blacklisted, skipping directoryoutput_rides_0/ride_17622_20240130045931: blacklisted, skipping directory

output_rides_1/ride_17988_20240207062907: blacklisted, skipping directory
output_rides_1/ride_18013_20240207123018: blacklisted, skipping directory
output_rides_0/ride_17513_20240128043544: blacklisted, skipping directory
output_rides_0/ride_17747_20240201064120: blacklisted, skipping directory
output_rides_0/ride_17622_20240130045931: blacklisted, skipping directory
output_rides_1/ride_17950_20240207020016: blacklisted, skipping directory
output_rides_0/ride_17747_20240201064120: blacklisted, skipping directory
output_rides_1/ride_17963_20240207045230: blacklisted, skipping directory
output_rides_1/ride_17988_20240207062907: blacklisted, skipping directory
output_rides_0/ride_16870_20240124044029: blacklisted, skipping directoryoutput_rides_1/ride_18013_20240207123018: blacklisted, skipping directory
output_rides_1/ride_17950_20240207020016: blacklisted, skipping directory
output_rides_1/ride_17963_20240207045230: blacklisted, skipping directory
output_rides_1/ride_17988_20240207062907: blacklisted, skipping directory

output_rides_1/ride_18013_20240207123018: blacklisted, skipping directory
output_rides_0/ride_17133_20240125090143: blacklisted, skipping directoryoutput_rides_1/ride_18713_20240220110429: blacklisted, skipping directory

output_rides_1/ride_18835_20240221170246: blacklisted, skipping directory
output_rides_0/ride_17146_20240125095514: blacklisted, skipping directoryoutput_rides_1/ride_18713_20240220110429: blacklisted, skipping directory

output_rides_0/ride_17174_20240125112909: blacklisted, skipping directoryoutput_rides_1/ride_18835_20240221170246: blacklisted, skipping directory
output_rides_1/ride_18713_20240220110429: blacklisted, skipping directory

output_rides_1/ride_18835_20240221170246: blacklisted, skipping directory
output_rides_0/ride_17259_20240126052519: blacklisted, skipping directory
output_rides_0/ride_17513_20240128043544: blacklisted, skipping directoryoutput_rides_1/ride_19401_20240227103815: blacklisted, skipping directory

output_rides_1/ride_19401_20240227103815: blacklisted, skipping directory
output_rides_0/ride_17622_20240130045931: blacklisted, skipping directory
output_rides_1/ride_19401_20240227103815: blacklisted, skipping directory
output_rides_0/ride_17747_20240201064120: blacklisted, skipping directoryoutput_rides_11/ride_28154_20240406073823: blacklisted, skipping directory
output_rides_11/ride_28154_20240406073823: blacklisted, skipping directory

output_rides_11/ride_28217_20240406134020: blacklisted, skipping directory
output_rides_11/ride_28218_20240406134053: blacklisted, skipping directory
output_rides_11/ride_28217_20240406134020: blacklisted, skipping directory
output_rides_11/ride_28154_20240406073823: blacklisted, skipping directory
output_rides_11/ride_28218_20240406134053: blacklisted, skipping directory
output_rides_11/ride_28235_20240406143508: blacklisted, skipping directory
output_rides_11/ride_28235_20240406143508: blacklisted, skipping directory
output_rides_1/ride_17950_20240207020016: blacklisted, skipping directoryoutput_rides_11/ride_28273_20240406161611: blacklisted, skipping directory
output_rides_11/ride_28276_20240406162325: blacklisted, skipping directory
output_rides_11/ride_28281_20240406164152: blacklisted, skipping directory
output_rides_11/ride_28217_20240406134020: blacklisted, skipping directory

output_rides_11/ride_28283_20240406164443: blacklisted, skipping directory
output_rides_11/ride_28218_20240406134053: blacklisted, skipping directory
output_rides_11/ride_28273_20240406161611: blacklisted, skipping directory
output_rides_11/ride_28276_20240406162325: blacklisted, skipping directory
output_rides_11/ride_28281_20240406164152: blacklisted, skipping directory
output_rides_11/ride_28283_20240406164443: blacklisted, skipping directory
output_rides_11/ride_28289_20240406170711: blacklisted, skipping directory
output_rides_11/ride_28235_20240406143508: blacklisted, skipping directory
output_rides_1/ride_17963_20240207045230: blacklisted, skipping directoryoutput_rides_11/ride_28289_20240406170711: blacklisted, skipping directory

output_rides_11/ride_28273_20240406161611: blacklisted, skipping directory
output_rides_11/ride_28276_20240406162325: blacklisted, skipping directory
output_rides_11/ride_28281_20240406164152: blacklisted, skipping directory
output_rides_11/ride_28283_20240406164443: blacklisted, skipping directory
output_rides_1/ride_17988_20240207062907: blacklisted, skipping directoryoutput_rides_11/ride_28289_20240406170711: blacklisted, skipping directory

output_rides_11/ride_28428_20240407093927: blacklisted, skipping directory
output_rides_11/ride_28428_20240407093927: blacklisted, skipping directory
output_rides_1/ride_18013_20240207123018: blacklisted, skipping directoryoutput_rides_11/ride_28456_20240407113320: blacklisted, skipping directory
output_rides_11/ride_28456_20240407113320: blacklisted, skipping directory

output_rides_11/ride_28428_20240407093927: blacklisted, skipping directory
output_rides_11/ride_28520_20240407171529: blacklisted, skipping directory
output_rides_11/ride_28520_20240407171529: blacklisted, skipping directoryoutput_rides_11/ride_28530_20240407174627: blacklisted, skipping directory

output_rides_11/ride_28534_20240407180130: blacklisted, skipping directory
output_rides_11/ride_28530_20240407174627: blacklisted, skipping directory
output_rides_11/ride_28534_20240407180130: blacklisted, skipping directory
output_rides_11/ride_28456_20240407113320: blacklisted, skipping directory
output_rides_11/ride_28620_20240408015738: blacklisted, skipping directory
output_rides_11/ride_28620_20240408015738: blacklisted, skipping directory
output_rides_11/ride_28621_20240408015858: blacklisted, skipping directory
output_rides_11/ride_28621_20240408015858: blacklisted, skipping directory
output_rides_11/ride_28520_20240407171529: blacklisted, skipping directory
output_rides_11/ride_28530_20240407174627: blacklisted, skipping directory
output_rides_11/ride_28534_20240407180130: blacklisted, skipping directory
output_rides_11/ride_28659_20240408054306: blacklisted, skipping directory
output_rides_11/ride_28660_20240408054411: blacklisted, skipping directory
output_rides_11/ride_28659_20240408054306: blacklisted, skipping directory
output_rides_11/ride_28664_20240408060527: blacklisted, skipping directory
output_rides_11/ride_28660_20240408054411: blacklisted, skipping directory
output_rides_11/ride_28664_20240408060527: blacklisted, skipping directory
output_rides_11/ride_28620_20240408015738: blacklisted, skipping directory
output_rides_11/ride_28621_20240408015858: blacklisted, skipping directory
output_rides_1/ride_18713_20240220110429: blacklisted, skipping directoryoutput_rides_11/ride_28745_20240408105323: blacklisted, skipping directory
output_rides_11/ride_28659_20240408054306: blacklisted, skipping directory
output_rides_11/ride_28660_20240408054411: blacklisted, skipping directory
output_rides_11/ride_28664_20240408060527: blacklisted, skipping directory
output_rides_11/ride_28772_20240408141736: blacklisted, skipping directory
output_rides_11/ride_28745_20240408105323: blacklisted, skipping directory

output_rides_11/ride_28772_20240408141736: blacklisted, skipping directory
output_rides_11/ride_28871_20240409011722: blacklisted, skipping directory
output_rides_11/ride_28885_20240409014548: blacklisted, skipping directory
output_rides_11/ride_28871_20240409011722: blacklisted, skipping directory
output_rides_11/ride_28745_20240408105323: blacklisted, skipping directoryoutput_rides_1/ride_18835_20240221170246: blacklisted, skipping directory
output_rides_11/ride_28894_20240409020145: blacklisted, skipping directory
output_rides_11/ride_28895_20240409020207: blacklisted, skipping directory
output_rides_11/ride_28885_20240409014548: blacklisted, skipping directory
output_rides_11/ride_28772_20240408141736: blacklisted, skipping directory
output_rides_11/ride_28894_20240409020145: blacklisted, skipping directory

output_rides_11/ride_28895_20240409020207: blacklisted, skipping directoryoutput_rides_11/ride_28911_20240409024858: blacklisted, skipping directory

output_rides_11/ride_28912_20240409024947: blacklisted, skipping directory
output_rides_11/ride_28915_20240409025311: blacklisted, skipping directory
output_rides_11/ride_28919_20240409025623: blacklisted, skipping directory
output_rides_11/ride_28920_20240409025733: blacklisted, skipping directory
output_rides_11/ride_28931_20240409032050: blacklisted, skipping directory
output_rides_11/ride_28871_20240409011722: blacklisted, skipping directoryoutput_rides_11/ride_28932_20240409032131: blacklisted, skipping directoryoutput_rides_11/ride_28911_20240409024858: blacklisted, skipping directory


output_rides_11/ride_28912_20240409024947: blacklisted, skipping directory
output_rides_11/ride_28915_20240409025311: blacklisted, skipping directory
output_rides_11/ride_28919_20240409025623: blacklisted, skipping directoryoutput_rides_11/ride_28885_20240409014548: blacklisted, skipping directory

output_rides_11/ride_28920_20240409025733: blacklisted, skipping directory
output_rides_11/ride_28931_20240409032050: blacklisted, skipping directory
output_rides_11/ride_28932_20240409032131: blacklisted, skipping directory
output_rides_11/ride_28894_20240409020145: blacklisted, skipping directory
output_rides_11/ride_28895_20240409020207: blacklisted, skipping directory
output_rides_11/ride_28911_20240409024858: blacklisted, skipping directory
output_rides_11/ride_28912_20240409024947: blacklisted, skipping directory
output_rides_11/ride_28993_20240409043950: blacklisted, skipping directoryoutput_rides_11/ride_28915_20240409025311: blacklisted, skipping directory

output_rides_11/ride_28919_20240409025623: blacklisted, skipping directory
output_rides_11/ride_28920_20240409025733: blacklisted, skipping directory
output_rides_11/ride_28931_20240409032050: blacklisted, skipping directory
output_rides_11/ride_28932_20240409032131: blacklisted, skipping directory
output_rides_11/ride_28993_20240409043950: blacklisted, skipping directory
output_rides_11/ride_29030_20240409053744: blacklisted, skipping directory
output_rides_11/ride_29052_20240409063551: blacklisted, skipping directory
output_rides_11/ride_29054_20240409063615: blacklisted, skipping directory
output_rides_11/ride_29030_20240409053744: blacklisted, skipping directory
output_rides_11/ride_28993_20240409043950: blacklisted, skipping directory
output_rides_11/ride_29067_20240409065744: blacklisted, skipping directory
output_rides_11/ride_29100_20240409094314: blacklisted, skipping directory
output_rides_11/ride_29052_20240409063551: blacklisted, skipping directory
output_rides_11/ride_29054_20240409063615: blacklisted, skipping directory
output_rides_11/ride_29030_20240409053744: blacklisted, skipping directory
output_rides_11/ride_29067_20240409065744: blacklisted, skipping directory
output_rides_11/ride_29052_20240409063551: blacklisted, skipping directoryoutput_rides_11/ride_29100_20240409094314: blacklisted, skipping directory

output_rides_11/ride_29054_20240409063615: blacklisted, skipping directory
output_rides_11/ride_29067_20240409065744: blacklisted, skipping directory
output_rides_11/ride_29100_20240409094314: blacklisted, skipping directory
output_rides_1/ride_19401_20240227103815: blacklisted, skipping directory
output_rides_11/ride_29135_20240409113941: blacklisted, skipping directory
output_rides_11/ride_29137_20240409114601: blacklisted, skipping directory
output_rides_11/ride_29140_20240409115246: blacklisted, skipping directory
output_rides_11/ride_29148_20240409120914: blacklisted, skipping directory
output_rides_11/ride_29135_20240409113941: blacklisted, skipping directory
output_rides_11/ride_29137_20240409114601: blacklisted, skipping directory
output_rides_11/ride_29140_20240409115246: blacklisted, skipping directory
output_rides_11/ride_29148_20240409120914: blacklisted, skipping directory
output_rides_11/ride_29135_20240409113941: blacklisted, skipping directory
output_rides_11/ride_29137_20240409114601: blacklisted, skipping directory
output_rides_11/ride_29140_20240409115246: blacklisted, skipping directory
output_rides_11/ride_29148_20240409120914: blacklisted, skipping directory
output_rides_11/ride_28154_20240406073823: blacklisted, skipping directory
output_rides_11/ride_28217_20240406134020: blacklisted, skipping directory
output_rides_12/ride_29909_20240411195123: blacklisted, skipping directory
output_rides_12/ride_29912_20240411200538: blacklisted, skipping directory
output_rides_11/ride_28218_20240406134053: blacklisted, skipping directory
output_rides_12/ride_29909_20240411195123: blacklisted, skipping directory
output_rides_12/ride_29912_20240411200538: blacklisted, skipping directory
output_rides_12/ride_29909_20240411195123: blacklisted, skipping directory
output_rides_12/ride_29912_20240411200538: blacklisted, skipping directory
output_rides_11/ride_28235_20240406143508: blacklisted, skipping directory
output_rides_13/ride_30279_20240412165814: blacklisted, skipping directory
output_rides_13/ride_30376_20240413032838: blacklisted, skipping directory
output_rides_13/ride_30279_20240412165814: blacklisted, skipping directory
output_rides_11/ride_28273_20240406161611: blacklisted, skipping directoryoutput_rides_13/ride_30508_20240413135357: blacklisted, skipping directory
output_rides_13/ride_30279_20240412165814: blacklisted, skipping directory
output_rides_13/ride_30376_20240413032838: blacklisted, skipping directoryoutput_rides_13/ride_30530_20240413150946: blacklisted, skipping directory


output_rides_13/ride_30376_20240413032838: blacklisted, skipping directory
output_rides_13/ride_30508_20240413135357: blacklisted, skipping directory
output_rides_13/ride_30530_20240413150946: blacklisted, skipping directory
output_rides_11/ride_28276_20240406162325: blacklisted, skipping directoryoutput_rides_13/ride_30807_20240414190156: blacklisted, skipping directory
output_rides_13/ride_30508_20240413135357: blacklisted, skipping directory
output_rides_13/ride_30530_20240413150946: blacklisted, skipping directory

output_rides_13/ride_30807_20240414190156: blacklisted, skipping directory
output_rides_11/ride_28281_20240406164152: blacklisted, skipping directoryoutput_rides_13/ride_30916_20240415024045: blacklisted, skipping directory

output_rides_13/ride_30807_20240414190156: blacklisted, skipping directory
output_rides_13/ride_31037_20240415105943: blacklisted, skipping directoryoutput_rides_13/ride_30916_20240415024045: blacklisted, skipping directory

output_rides_11/ride_28283_20240406164443: blacklisted, skipping directory
output_rides_13/ride_30916_20240415024045: blacklisted, skipping directory
output_rides_13/ride_31037_20240415105943: blacklisted, skipping directory
output_rides_14/ride_31233_20240416000404: blacklisted, skipping directory
output_rides_11/ride_28289_20240406170711: blacklisted, skipping directoryoutput_rides_14/ride_31233_20240416000404: blacklisted, skipping directory
output_rides_13/ride_31037_20240415105943: blacklisted, skipping directory

output_rides_14/ride_31233_20240416000404: blacklisted, skipping directory
output_rides_14/ride_31715_20240417041352: blacklisted, skipping directory
output_rides_14/ride_31715_20240417041352: blacklisted, skipping directory
output_rides_11/ride_28428_20240407093927: blacklisted, skipping directoryoutput_rides_14/ride_31936_20240417155437: blacklisted, skipping directory

output_rides_14/ride_31715_20240417041352: blacklisted, skipping directory
output_rides_14/ride_31936_20240417155437: blacklisted, skipping directory
output_rides_11/ride_28456_20240407113320: blacklisted, skipping directoryoutput_rides_15/ride_32404_20240418144709: blacklisted, skipping directory

output_rides_14/ride_31936_20240417155437: blacklisted, skipping directory
output_rides_15/ride_32404_20240418144709: blacklisted, skipping directory
output_rides_15/ride_32404_20240418144709: blacklisted, skipping directory
output_rides_11/ride_28520_20240407171529: blacklisted, skipping directory
output_rides_11/ride_28530_20240407174627: blacklisted, skipping directory
output_rides_11/ride_28534_20240407180130: blacklisted, skipping directory
output_rides_17/ride_34467_20240422213841: blacklisted, skipping directory
output_rides_17/ride_34494_20240422232357: blacklisted, skipping directory
output_rides_17/ride_34467_20240422213841: blacklisted, skipping directory
output_rides_11/ride_28620_20240408015738: blacklisted, skipping directoryoutput_rides_17/ride_34494_20240422232357: blacklisted, skipping directory

output_rides_17/ride_34467_20240422213841: blacklisted, skipping directory
output_rides_11/ride_28621_20240408015858: blacklisted, skipping directoryoutput_rides_17/ride_34494_20240422232357: blacklisted, skipping directory

output_rides_17/ride_35125_20240424030435: blacklisted, skipping directory
output_rides_11/ride_28659_20240408054306: blacklisted, skipping directoryoutput_rides_17/ride_35125_20240424030435: blacklisted, skipping directory
output_rides_18/ride_35371_20240424110226: blacklisted, skipping directory

output_rides_18/ride_35387_20240424112625: blacklisted, skipping directory
output_rides_18/ride_35389_20240424113123: blacklisted, skipping directory
output_rides_18/ride_35390_20240424113148: blacklisted, skipping directory
output_rides_18/ride_35392_20240424113333: blacklisted, skipping directory
output_rides_18/ride_35393_20240424113442: blacklisted, skipping directory
output_rides_11/ride_28660_20240408054411: blacklisted, skipping directoryoutput_rides_18/ride_35371_20240424110226: blacklisted, skipping directory
output_rides_18/ride_35387_20240424112625: blacklisted, skipping directory
output_rides_18/ride_35389_20240424113123: blacklisted, skipping directoryoutput_rides_18/ride_35631_20240424215139: blacklisted, skipping directory

output_rides_18/ride_35390_20240424113148: blacklisted, skipping directory
output_rides_18/ride_35392_20240424113333: blacklisted, skipping directory
output_rides_18/ride_35393_20240424113442: blacklisted, skipping directory

output_rides_17/ride_35125_20240424030435: blacklisted, skipping directory
output_rides_18/ride_35631_20240424215139: blacklisted, skipping directoryoutput_rides_11/ride_28664_20240408060527: blacklisted, skipping directory
output_rides_18/ride_35776_20240425063817: blacklisted, skipping directory

output_rides_18/ride_35371_20240424110226: blacklisted, skipping directory
output_rides_18/ride_35818_20240425084400: blacklisted, skipping directory
output_rides_18/ride_35387_20240424112625: blacklisted, skipping directory
output_rides_18/ride_35389_20240424113123: blacklisted, skipping directory
output_rides_18/ride_35390_20240424113148: blacklisted, skipping directory
output_rides_18/ride_35392_20240424113333: blacklisted, skipping directory
output_rides_18/ride_35393_20240424113442: blacklisted, skipping directory
output_rides_18/ride_35889_20240425110047: blacklisted, skipping directory
output_rides_18/ride_35776_20240425063817: blacklisted, skipping directory
output_rides_18/ride_35818_20240425084400: blacklisted, skipping directory
output_rides_18/ride_35631_20240424215139: blacklisted, skipping directory
output_rides_18/ride_35889_20240425110047: blacklisted, skipping directory
output_rides_18/ride_35776_20240425063817: blacklisted, skipping directory
output_rides_11/ride_28745_20240408105323: blacklisted, skipping directoryoutput_rides_18/ride_35818_20240425084400: blacklisted, skipping directory

output_rides_18/ride_35889_20240425110047: blacklisted, skipping directory
output_rides_19/ride_36418_20240426182005: blacklisted, skipping directory
output_rides_11/ride_28772_20240408141736: blacklisted, skipping directoryoutput_rides_19/ride_36830_20240427210703: blacklisted, skipping directory
output_rides_19/ride_36418_20240426182005: blacklisted, skipping directory

output_rides_19/ride_36898_20240428041011: blacklisted, skipping directory
output_rides_19/ride_36830_20240427210703: blacklisted, skipping directory
output_rides_19/ride_36898_20240428041011: blacklisted, skipping directory
output_rides_2/ride_19623_20240301091914: blacklisted, skipping directory
output_rides_19/ride_36418_20240426182005: blacklisted, skipping directory
output_rides_11/ride_28871_20240409011722: blacklisted, skipping directoryoutput_rides_19/ride_36830_20240427210703: blacklisted, skipping directoryoutput_rides_2/ride_19623_20240301091914: blacklisted, skipping directory


output_rides_19/ride_36898_20240428041011: blacklisted, skipping directory
output_rides_2/ride_19756_20240302174944: blacklisted, skipping directory
output_rides_2/ride_19763_20240302202415: blacklisted, skipping directory
output_rides_11/ride_28885_20240409014548: blacklisted, skipping directoryoutput_rides_2/ride_19756_20240302174944: blacklisted, skipping directory
output_rides_2/ride_19763_20240302202415: blacklisted, skipping directory
output_rides_2/ride_19623_20240301091914: blacklisted, skipping directory

output_rides_2/ride_19925_20240304114705: blacklisted, skipping directory
output_rides_11/ride_28894_20240409020145: blacklisted, skipping directoryoutput_rides_2/ride_19953_20240304164001: blacklisted, skipping directory
output_rides_2/ride_19756_20240302174944: blacklisted, skipping directory
output_rides_2/ride_19763_20240302202415: blacklisted, skipping directory

output_rides_2/ride_19925_20240304114705: blacklisted, skipping directory
output_rides_2/ride_20029_20240305072836: blacklisted, skipping directory
output_rides_2/ride_20030_20240305072851: blacklisted, skipping directory
output_rides_2/ride_19953_20240304164001: blacklisted, skipping directory
output_rides_11/ride_28895_20240409020207: blacklisted, skipping directoryoutput_rides_2/ride_20067_20240305134032: blacklisted, skipping directory

output_rides_2/ride_20029_20240305072836: blacklisted, skipping directory
output_rides_2/ride_20030_20240305072851: blacklisted, skipping directory
output_rides_2/ride_20093_20240305210034: blacklisted, skipping directory
output_rides_2/ride_19925_20240304114705: blacklisted, skipping directory
output_rides_2/ride_20067_20240305134032: blacklisted, skipping directoryoutput_rides_2/ride_20110_20240306024847: blacklisted, skipping directory

output_rides_2/ride_19953_20240304164001: blacklisted, skipping directory
output_rides_11/ride_28911_20240409024858: blacklisted, skipping directoryoutput_rides_2/ride_20093_20240305210034: blacklisted, skipping directory
output_rides_2/ride_20110_20240306024847: blacklisted, skipping directory
output_rides_2/ride_20029_20240305072836: blacklisted, skipping directory
output_rides_2/ride_20030_20240305072851: blacklisted, skipping directory

output_rides_2/ride_20067_20240305134032: blacklisted, skipping directory
output_rides_11/ride_28912_20240409024947: blacklisted, skipping directoryoutput_rides_2/ride_20093_20240305210034: blacklisted, skipping directory

output_rides_2/ride_20110_20240306024847: blacklisted, skipping directory
output_rides_11/ride_28915_20240409025311: blacklisted, skipping directoryoutput_rides_2/ride_20357_20240307113752: blacklisted, skipping directory

output_rides_2/ride_20357_20240307113752: blacklisted, skipping directory
output_rides_11/ride_28919_20240409025623: blacklisted, skipping directory
output_rides_2/ride_20357_20240307113752: blacklisted, skipping directoryoutput_rides_11/ride_28920_20240409025733: blacklisted, skipping directory
output_rides_2/ride_20598_20240309054951: blacklisted, skipping directory

output_rides_2/ride_20598_20240309054951: blacklisted, skipping directory
output_rides_11/ride_28931_20240409032050: blacklisted, skipping directory
output_rides_20/ride_37340_20240429083037: blacklisted, skipping directory
output_rides_11/ride_28932_20240409032131: blacklisted, skipping directoryoutput_rides_2/ride_20598_20240309054951: blacklisted, skipping directory
output_rides_20/ride_37388_20240429112349: blacklisted, skipping directory
output_rides_20/ride_37340_20240429083037: blacklisted, skipping directory

output_rides_20/ride_37388_20240429112349: blacklisted, skipping directory
output_rides_20/ride_37591_20240429233942: blacklisted, skipping directory
output_rides_20/ride_37591_20240429233942: blacklisted, skipping directory
output_rides_20/ride_37340_20240429083037: blacklisted, skipping directory
output_rides_20/ride_37874_20240430130547: blacklisted, skipping directory
output_rides_20/ride_37388_20240429112349: blacklisted, skipping directory
output_rides_11/ride_28993_20240409043950: blacklisted, skipping directoryoutput_rides_20/ride_37874_20240430130547: blacklisted, skipping directory
output_rides_20/ride_37591_20240429233942: blacklisted, skipping directory

output_rides_21/ride_38381_20240501050001: blacklisted, skipping directory
output_rides_21/ride_38381_20240501050001: blacklisted, skipping directory
output_rides_21/ride_38691_20240501171623: blacklisted, skipping directory
output_rides_20/ride_37874_20240430130547: blacklisted, skipping directoryoutput_rides_21/ride_38692_20240501171730: blacklisted, skipping directory

output_rides_11/ride_29030_20240409053744: blacklisted, skipping directoryoutput_rides_21/ride_38691_20240501171623: blacklisted, skipping directory
output_rides_21/ride_38692_20240501171730: blacklisted, skipping directory
output_rides_21/ride_38381_20240501050001: blacklisted, skipping directory

output_rides_21/ride_39236_20240502110626: blacklisted, skipping directory
output_rides_21/ride_38691_20240501171623: blacklisted, skipping directory
output_rides_21/ride_38692_20240501171730: blacklisted, skipping directory
output_rides_21/ride_39236_20240502110626: blacklisted, skipping directory
output_rides_11/ride_29052_20240409063551: blacklisted, skipping directory
output_rides_23/ride_40284_20240504084739: blacklisted, skipping directory
output_rides_21/ride_39236_20240502110626: blacklisted, skipping directory
output_rides_11/ride_29054_20240409063615: blacklisted, skipping directoryoutput_rides_23/ride_40284_20240504084739: blacklisted, skipping directory

output_rides_11/ride_29067_20240409065744: blacklisted, skipping directoryoutput_rides_23/ride_40284_20240504084739: blacklisted, skipping directory
output_rides_3/ride_20772_20240311102041: blacklisted, skipping directory

output_rides_3/ride_20781_20240311111506: blacklisted, skipping directory
output_rides_3/ride_20794_20240311135108: blacklisted, skipping directory
output_rides_3/ride_20772_20240311102041: blacklisted, skipping directory
output_rides_3/ride_20805_20240311144114: blacklisted, skipping directory
output_rides_3/ride_20781_20240311111506: blacklisted, skipping directory
output_rides_3/ride_20794_20240311135108: blacklisted, skipping directory
output_rides_11/ride_29100_20240409094314: blacklisted, skipping directoryoutput_rides_3/ride_20805_20240311144114: blacklisted, skipping directory
output_rides_3/ride_20860_20240311184244: blacklisted, skipping directory
output_rides_3/ride_20863_20240311185132: blacklisted, skipping directory

output_rides_3/ride_20772_20240311102041: blacklisted, skipping directory
output_rides_3/ride_20860_20240311184244: blacklisted, skipping directory
output_rides_3/ride_20781_20240311111506: blacklisted, skipping directory
output_rides_3/ride_20863_20240311185132: blacklisted, skipping directory
output_rides_3/ride_20794_20240311135108: blacklisted, skipping directory
output_rides_3/ride_20805_20240311144114: blacklisted, skipping directory
output_rides_11/ride_29135_20240409113941: blacklisted, skipping directoryoutput_rides_3/ride_20860_20240311184244: blacklisted, skipping directory
output_rides_3/ride_20863_20240311185132: blacklisted, skipping directory

output_rides_3/ride_21003_20240312073101: blacklisted, skipping directory
output_rides_11/ride_29137_20240409114601: blacklisted, skipping directoryoutput_rides_3/ride_21003_20240312073101: blacklisted, skipping directory

output_rides_3/ride_21092_20240312204122: blacklisted, skipping directory
output_rides_11/ride_29140_20240409115246: blacklisted, skipping directoryoutput_rides_3/ride_21092_20240312204122: blacklisted, skipping directoryoutput_rides_3/ride_21124_20240313011852: blacklisted, skipping directory

output_rides_3/ride_21003_20240312073101: blacklisted, skipping directory

output_rides_3/ride_21165_20240313034947: blacklisted, skipping directory
output_rides_3/ride_21124_20240313011852: blacklisted, skipping directory
output_rides_11/ride_29148_20240409120914: blacklisted, skipping directoryoutput_rides_3/ride_21165_20240313034947: blacklisted, skipping directoryoutput_rides_3/ride_21214_20240313064341: blacklisted, skipping directory

output_rides_3/ride_21092_20240312204122: blacklisted, skipping directory

output_rides_3/ride_21214_20240313064341: blacklisted, skipping directory
output_rides_3/ride_21259_20240313131118: blacklisted, skipping directory
output_rides_3/ride_21124_20240313011852: blacklisted, skipping directory
output_rides_3/ride_21259_20240313131118: blacklisted, skipping directory
output_rides_3/ride_21165_20240313034947: blacklisted, skipping directory
output_rides_3/ride_21214_20240313064341: blacklisted, skipping directory
output_rides_3/ride_21328_20240313221235: blacklisted, skipping directory
output_rides_3/ride_21336_20240313230315: blacklisted, skipping directory
output_rides_3/ride_21328_20240313221235: blacklisted, skipping directory
output_rides_3/ride_21336_20240313230315: blacklisted, skipping directoryoutput_rides_3/ride_21259_20240313131118: blacklisted, skipping directory

output_rides_3/ride_21328_20240313221235: blacklisted, skipping directory
output_rides_3/ride_21336_20240313230315: blacklisted, skipping directory
output_rides_3/ride_21516_20240314121551: blacklisted, skipping directory
output_rides_3/ride_21516_20240314121551: blacklisted, skipping directory
output_rides_3/ride_21516_20240314121551: blacklisted, skipping directory
output_rides_3/ride_21638_20240315025124: blacklisted, skipping directory
output_rides_3/ride_21643_20240315030501: blacklisted, skipping directory
output_rides_3/ride_21649_20240315031714: blacklisted, skipping directory
output_rides_3/ride_21651_20240315032133: blacklisted, skipping directory
output_rides_3/ride_21653_20240315032433: blacklisted, skipping directory
output_rides_3/ride_21638_20240315025124: blacklisted, skipping directoryoutput_rides_3/ride_21659_20240315035314: blacklisted, skipping directory

output_rides_3/ride_21660_20240315035437: blacklisted, skipping directoryoutput_rides_3/ride_21643_20240315030501: blacklisted, skipping directory

output_rides_3/ride_21649_20240315031714: blacklisted, skipping directory
output_rides_3/ride_21651_20240315032133: blacklisted, skipping directory
output_rides_3/ride_21653_20240315032433: blacklisted, skipping directory
output_rides_3/ride_21659_20240315035314: blacklisted, skipping directory
output_rides_3/ride_21660_20240315035437: blacklisted, skipping directory
output_rides_12/ride_29909_20240411195123: blacklisted, skipping directoryoutput_rides_3/ride_21638_20240315025124: blacklisted, skipping directory
output_rides_3/ride_21643_20240315030501: blacklisted, skipping directory
output_rides_3/ride_21649_20240315031714: blacklisted, skipping directory
output_rides_3/ride_21651_20240315032133: blacklisted, skipping directory
output_rides_3/ride_21653_20240315032433: blacklisted, skipping directory
output_rides_3/ride_21659_20240315035314: blacklisted, skipping directory

output_rides_3/ride_21660_20240315035437: blacklisted, skipping directory
output_rides_4/ride_21783_20240315132457: blacklisted, skipping directory
output_rides_4/ride_21783_20240315132457: blacklisted, skipping directory
output_rides_12/ride_29912_20240411200538: blacklisted, skipping directory
output_rides_4/ride_21783_20240315132457: blacklisted, skipping directory
output_rides_13/ride_30279_20240412165814: blacklisted, skipping directory
output_rides_13/ride_30376_20240413032838: blacklisted, skipping directoryoutput_rides_4/ride_22050_20240318033203: blacklisted, skipping directory

output_rides_4/ride_22050_20240318033203: blacklisted, skipping directory
output_rides_4/ride_22061_20240318040722: blacklisted, skipping directory
output_rides_4/ride_22061_20240318040722: blacklisted, skipping directory
output_rides_13/ride_30508_20240413135357: blacklisted, skipping directoryoutput_rides_4/ride_22050_20240318033203: blacklisted, skipping directory
output_rides_4/ride_22061_20240318040722: blacklisted, skipping directory

output_rides_4/ride_22210_20240318165739: blacklisted, skipping directory
output_rides_4/ride_22210_20240318165739: blacklisted, skipping directory
output_rides_4/ride_22236_20240318200422: blacklisted, skipping directory
output_rides_4/ride_22236_20240318200422: blacklisted, skipping directory
output_rides_13/ride_30530_20240413150946: blacklisted, skipping directory
output_rides_4/ride_22210_20240318165739: blacklisted, skipping directory
output_rides_4/ride_22236_20240318200422: blacklisted, skipping directory
output_rides_13/ride_30807_20240414190156: blacklisted, skipping directoryoutput_rides_4/ride_22428_20240319104752: blacklisted, skipping directory
output_rides_4/ride_22428_20240319104752: blacklisted, skipping directory

output_rides_4/ride_22498_20240319191543: blacklisted, skipping directory
output_rides_4/ride_22499_20240319191625: blacklisted, skipping directory
output_rides_4/ride_22498_20240319191543: blacklisted, skipping directory
output_rides_4/ride_22499_20240319191625: blacklisted, skipping directory
output_rides_4/ride_22518_20240319214112: blacklisted, skipping directoryoutput_rides_4/ride_22428_20240319104752: blacklisted, skipping directory

output_rides_4/ride_22519_20240319214346: blacklisted, skipping directory
output_rides_4/ride_22520_20240319214515: blacklisted, skipping directory
output_rides_4/ride_22518_20240319214112: blacklisted, skipping directory
output_rides_4/ride_22519_20240319214346: blacklisted, skipping directory
output_rides_4/ride_22520_20240319214515: blacklisted, skipping directory
output_rides_13/ride_30916_20240415024045: blacklisted, skipping directoryoutput_rides_4/ride_22498_20240319191543: blacklisted, skipping directory
output_rides_4/ride_22499_20240319191625: blacklisted, skipping directory

output_rides_4/ride_22602_20240320041447: blacklisted, skipping directory
output_rides_4/ride_22518_20240319214112: blacklisted, skipping directoryoutput_rides_4/ride_22602_20240320041447: blacklisted, skipping directory

output_rides_4/ride_22519_20240319214346: blacklisted, skipping directory
output_rides_4/ride_22520_20240319214515: blacklisted, skipping directory
output_rides_4/ride_22602_20240320041447: blacklisted, skipping directory
output_rides_4/ride_22747_20240320153444: blacklisted, skipping directory
output_rides_13/ride_31037_20240415105943: blacklisted, skipping directoryoutput_rides_4/ride_22747_20240320153444: blacklisted, skipping directoryoutput_rides_5/ride_22763_20240320171607: blacklisted, skipping directory

output_rides_5/ride_22764_20240320171810: blacklisted, skipping directory
output_rides_5/ride_22763_20240320171607: blacklisted, skipping directory

output_rides_5/ride_22764_20240320171810: blacklisted, skipping directory
output_rides_5/ride_22785_20240320192741: blacklisted, skipping directory
output_rides_5/ride_22786_20240320192913: blacklisted, skipping directory
output_rides_5/ride_22785_20240320192741: blacklisted, skipping directory
output_rides_5/ride_22786_20240320192913: blacklisted, skipping directory
output_rides_4/ride_22747_20240320153444: blacklisted, skipping directory
output_rides_5/ride_22763_20240320171607: blacklisted, skipping directory
output_rides_5/ride_22764_20240320171810: blacklisted, skipping directory
output_rides_14/ride_31233_20240416000404: blacklisted, skipping directoryoutput_rides_5/ride_22785_20240320192741: blacklisted, skipping directory
output_rides_5/ride_22786_20240320192913: blacklisted, skipping directory

output_rides_5/ride_23040_20240321113852: blacklisted, skipping directory
output_rides_5/ride_23040_20240321113852: blacklisted, skipping directory
output_rides_5/ride_23084_20240321162205: blacklisted, skipping directory
output_rides_5/ride_23089_20240321165324: blacklisted, skipping directory
output_rides_5/ride_23084_20240321162205: blacklisted, skipping directory
output_rides_5/ride_23089_20240321165324: blacklisted, skipping directory
output_rides_5/ride_23040_20240321113852: blacklisted, skipping directory
output_rides_5/ride_23172_20240322012348: blacklisted, skipping directory
output_rides_5/ride_23172_20240322012348: blacklisted, skipping directory
output_rides_5/ride_23084_20240321162205: blacklisted, skipping directory
output_rides_5/ride_23212_20240322024032: blacklisted, skipping directoryoutput_rides_5/ride_23089_20240321165324: blacklisted, skipping directory

output_rides_14/ride_31715_20240417041352: blacklisted, skipping directoryoutput_rides_5/ride_23212_20240322024032: blacklisted, skipping directory

output_rides_5/ride_23172_20240322012348: blacklisted, skipping directory
output_rides_5/ride_23212_20240322024032: blacklisted, skipping directory
output_rides_5/ride_23376_20240322112652: blacklisted, skipping directory
output_rides_14/ride_31936_20240417155437: blacklisted, skipping directoryoutput_rides_5/ride_23376_20240322112652: blacklisted, skipping directory

output_rides_5/ride_23376_20240322112652: blacklisted, skipping directory
output_rides_5/ride_23577_20240323024147: blacklisted, skipping directory
output_rides_5/ride_23590_20240323032429: blacklisted, skipping directory
output_rides_5/ride_23577_20240323024147: blacklisted, skipping directory
output_rides_5/ride_23590_20240323032429: blacklisted, skipping directory
output_rides_5/ride_23644_20240323074034: blacklisted, skipping directory
output_rides_15/ride_32404_20240418144709: blacklisted, skipping directoryoutput_rides_5/ride_23644_20240323074034: blacklisted, skipping directory
output_rides_5/ride_23680_20240323115232: blacklisted, skipping directory
output_rides_5/ride_23727_20240323162523: blacklisted, skipping directory
output_rides_5/ride_23680_20240323115232: blacklisted, skipping directory
output_rides_5/ride_23577_20240323024147: blacklisted, skipping directory

output_rides_5/ride_23727_20240323162523: blacklisted, skipping directory
output_rides_5/ride_23590_20240323032429: blacklisted, skipping directory
output_rides_5/ride_23644_20240323074034: blacklisted, skipping directory
output_rides_6/ride_23844_20240324053045: blacklisted, skipping directory
output_rides_6/ride_23844_20240324053045: blacklisted, skipping directory
output_rides_5/ride_23680_20240323115232: blacklisted, skipping directory
output_rides_5/ride_23727_20240323162523: blacklisted, skipping directory
output_rides_6/ride_23844_20240324053045: blacklisted, skipping directory
output_rides_6/ride_24006_20240325013325: blacklisted, skipping directory
output_rides_6/ride_24006_20240325013325: blacklisted, skipping directory
output_rides_6/ride_24006_20240325013325: blacklisted, skipping directory
output_rides_6/ride_24453_20240326101751: blacklisted, skipping directoryoutput_rides_6/ride_24453_20240326101751: blacklisted, skipping directory

output_rides_6/ride_24547_20240326184017: blacklisted, skipping directory
output_rides_6/ride_24547_20240326184017: blacklisted, skipping directory
output_rides_6/ride_24453_20240326101751: blacklisted, skipping directory
output_rides_17/ride_34467_20240422213841: blacklisted, skipping directoryoutput_rides_6/ride_24547_20240326184017: blacklisted, skipping directory
output_rides_6/ride_24712_20240327092315: blacklisted, skipping directory
output_rides_6/ride_24716_20240327092809: blacklisted, skipping directoryoutput_rides_6/ride_24712_20240327092315: blacklisted, skipping directory

output_rides_6/ride_24721_20240327093924: blacklisted, skipping directory
output_rides_6/ride_24716_20240327092809: blacklisted, skipping directory
output_rides_6/ride_24721_20240327093924: blacklisted, skipping directory
output_rides_6/ride_24749_20240327111851: blacklisted, skipping directory

output_rides_6/ride_24749_20240327111851: blacklisted, skipping directory
output_rides_7/ride_24808_20240327151530: blacklisted, skipping directory
output_rides_7/ride_24808_20240327151530: blacklisted, skipping directory
output_rides_6/ride_24712_20240327092315: blacklisted, skipping directory
output_rides_6/ride_24716_20240327092809: blacklisted, skipping directory
output_rides_17/ride_34494_20240422232357: blacklisted, skipping directoryoutput_rides_6/ride_24721_20240327093924: blacklisted, skipping directory
output_rides_6/ride_24749_20240327111851: blacklisted, skipping directory

output_rides_7/ride_24808_20240327151530: blacklisted, skipping directory
output_rides_7/ride_25028_20240328071732: blacklisted, skipping directory
output_rides_7/ride_25028_20240328071732: blacklisted, skipping directory
output_rides_7/ride_25028_20240328071732: blacklisted, skipping directory
output_rides_17/ride_35125_20240424030435: blacklisted, skipping directory
output_rides_8/ride_26121_20240401214342: blacklisted, skipping directory
output_rides_18/ride_35371_20240424110226: blacklisted, skipping directoryoutput_rides_8/ride_26121_20240401214342: blacklisted, skipping directory
output_rides_8/ride_26144_20240402001442: blacklisted, skipping directory

output_rides_8/ride_26144_20240402001442: blacklisted, skipping directory
output_rides_18/ride_35387_20240424112625: blacklisted, skipping directoryoutput_rides_8/ride_26121_20240401214342: blacklisted, skipping directory

output_rides_18/ride_35389_20240424113123: blacklisted, skipping directoryoutput_rides_8/ride_26144_20240402001442: blacklisted, skipping directory

output_rides_18/ride_35390_20240424113148: blacklisted, skipping directoryoutput_rides_8/ride_26352_20240402235618: blacklisted, skipping directory
output_rides_8/ride_26356_20240403000507: blacklisted, skipping directory
output_rides_8/ride_26359_20240403000743: blacklisted, skipping directory
output_rides_8/ride_26361_20240403000848: blacklisted, skipping directory

output_rides_8/ride_26352_20240402235618: blacklisted, skipping directory
output_rides_8/ride_26356_20240403000507: blacklisted, skipping directory
output_rides_8/ride_26359_20240403000743: blacklisted, skipping directory
output_rides_8/ride_26361_20240403000848: blacklisted, skipping directory
output_rides_18/ride_35392_20240424113333: blacklisted, skipping directory
output_rides_8/ride_26352_20240402235618: blacklisted, skipping directory
output_rides_8/ride_26356_20240403000507: blacklisted, skipping directoryoutput_rides_18/ride_35393_20240424113442: blacklisted, skipping directory
output_rides_8/ride_26359_20240403000743: blacklisted, skipping directory
output_rides_8/ride_26361_20240403000848: blacklisted, skipping directory
output_rides_8/ride_26489_20240403110754: blacklisted, skipping directory
output_rides_8/ride_26490_20240403110807: blacklisted, skipping directory

output_rides_8/ride_26489_20240403110754: blacklisted, skipping directory
output_rides_8/ride_26490_20240403110807: blacklisted, skipping directory
output_rides_18/ride_35631_20240424215139: blacklisted, skipping directoryoutput_rides_8/ride_26489_20240403110754: blacklisted, skipping directory
output_rides_8/ride_26490_20240403110807: blacklisted, skipping directory

output_rides_8/ride_26651_20240404053158: blacklisted, skipping directory
output_rides_8/ride_26651_20240404053158: blacklisted, skipping directory
output_rides_8/ride_26731_20240404121348: blacklisted, skipping directory
output_rides_8/ride_26731_20240404121348: blacklisted, skipping directory
output_rides_9/ride_27517_20240404140255: blacklisted, skipping directory
output_rides_18/ride_35776_20240425063817: blacklisted, skipping directoryoutput_rides_9/ride_27517_20240404140255: blacklisted, skipping directory
output_rides_8/ride_26651_20240404053158: blacklisted, skipping directory

output_rides_9/ride_27667_20240405005148: blacklisted, skipping directory
output_rides_9/ride_27669_20240405005217: blacklisted, skipping directory
output_rides_9/ride_27667_20240405005148: blacklisted, skipping directory
output_rides_9/ride_27669_20240405005217: blacklisted, skipping directory
output_rides_8/ride_26731_20240404121348: blacklisted, skipping directoryoutput_rides_18/ride_35818_20240425084400: blacklisted, skipping directory
output_rides_9/ride_27517_20240404140255: blacklisted, skipping directory

output_rides_9/ride_27667_20240405005148: blacklisted, skipping directory
output_rides_9/ride_27669_20240405005217: blacklisted, skipping directory
output_rides_18/ride_35889_20240425110047: blacklisted, skipping directory
output_rides_19/ride_36418_20240426182005: blacklisted, skipping directory
output_rides_19/ride_36830_20240427210703: blacklisted, skipping directory
output_rides_19/ride_36898_20240428041011: blacklisted, skipping directory
output_rides_2/ride_19623_20240301091914: blacklisted, skipping directory
output_rides_2/ride_19756_20240302174944: blacklisted, skipping directory
output_rides_2/ride_19763_20240302202415: blacklisted, skipping directory
output_rides_2/ride_19925_20240304114705: blacklisted, skipping directory
output_rides_2/ride_19953_20240304164001: blacklisted, skipping directory
output_rides_2/ride_20029_20240305072836: blacklisted, skipping directory
output_rides_2/ride_20030_20240305072851: blacklisted, skipping directory
output_rides_2/ride_20067_20240305134032: blacklisted, skipping directory
output_rides_2/ride_20093_20240305210034: blacklisted, skipping directory
output_rides_2/ride_20110_20240306024847: blacklisted, skipping directory
output_rides_2/ride_20357_20240307113752: blacklisted, skipping directory
output_rides_2/ride_20598_20240309054951: blacklisted, skipping directory
output_rides_20/ride_37340_20240429083037: blacklisted, skipping directory
output_rides_20/ride_37388_20240429112349: blacklisted, skipping directory
output_rides_20/ride_37591_20240429233942: blacklisted, skipping directory
output_rides_20/ride_37874_20240430130547: blacklisted, skipping directory
output_rides_21/ride_38381_20240501050001: blacklisted, skipping directory
output_rides_21/ride_38691_20240501171623: blacklisted, skipping directory
output_rides_21/ride_38692_20240501171730: blacklisted, skipping directory
output_rides_21/ride_39236_20240502110626: blacklisted, skipping directory
output_rides_23/ride_40284_20240504084739: blacklisted, skipping directory
output_rides_3/ride_20772_20240311102041: blacklisted, skipping directory
output_rides_3/ride_20781_20240311111506: blacklisted, skipping directory
output_rides_3/ride_20794_20240311135108: blacklisted, skipping directory
output_rides_3/ride_20805_20240311144114: blacklisted, skipping directory
output_rides_3/ride_20860_20240311184244: blacklisted, skipping directory
output_rides_3/ride_20863_20240311185132: blacklisted, skipping directory
output_rides_3/ride_21003_20240312073101: blacklisted, skipping directory
output_rides_3/ride_21092_20240312204122: blacklisted, skipping directory
output_rides_3/ride_21124_20240313011852: blacklisted, skipping directory
output_rides_3/ride_21165_20240313034947: blacklisted, skipping directory
output_rides_3/ride_21214_20240313064341: blacklisted, skipping directory
output_rides_3/ride_21259_20240313131118: blacklisted, skipping directory
output_rides_3/ride_21328_20240313221235: blacklisted, skipping directory
output_rides_3/ride_21336_20240313230315: blacklisted, skipping directory
output_rides_3/ride_21516_20240314121551: blacklisted, skipping directory
output_rides_3/ride_21638_20240315025124: blacklisted, skipping directory
output_rides_3/ride_21643_20240315030501: blacklisted, skipping directory
output_rides_3/ride_21649_20240315031714: blacklisted, skipping directory
output_rides_3/ride_21651_20240315032133: blacklisted, skipping directory
output_rides_3/ride_21653_20240315032433: blacklisted, skipping directory
output_rides_3/ride_21659_20240315035314: blacklisted, skipping directory
output_rides_3/ride_21660_20240315035437: blacklisted, skipping directory
output_rides_4/ride_21783_20240315132457: blacklisted, skipping directory
output_rides_4/ride_22050_20240318033203: blacklisted, skipping directory
output_rides_4/ride_22061_20240318040722: blacklisted, skipping directory
output_rides_4/ride_22210_20240318165739: blacklisted, skipping directory
output_rides_4/ride_22236_20240318200422: blacklisted, skipping directory
output_rides_4/ride_22428_20240319104752: blacklisted, skipping directory
output_rides_4/ride_22498_20240319191543: blacklisted, skipping directory
output_rides_4/ride_22499_20240319191625: blacklisted, skipping directory
output_rides_4/ride_22518_20240319214112: blacklisted, skipping directory
output_rides_4/ride_22519_20240319214346: blacklisted, skipping directory
output_rides_4/ride_22520_20240319214515: blacklisted, skipping directory
output_rides_4/ride_22602_20240320041447: blacklisted, skipping directory
output_rides_4/ride_22747_20240320153444: blacklisted, skipping directory
output_rides_5/ride_22763_20240320171607: blacklisted, skipping directory
output_rides_5/ride_22764_20240320171810: blacklisted, skipping directory
output_rides_5/ride_22785_20240320192741: blacklisted, skipping directory
output_rides_5/ride_22786_20240320192913: blacklisted, skipping directory
output_rides_5/ride_23040_20240321113852: blacklisted, skipping directory
output_rides_5/ride_23084_20240321162205: blacklisted, skipping directory
output_rides_5/ride_23089_20240321165324: blacklisted, skipping directory
output_rides_5/ride_23172_20240322012348: blacklisted, skipping directory
output_rides_5/ride_23212_20240322024032: blacklisted, skipping directory
output_rides_5/ride_23376_20240322112652: blacklisted, skipping directory
output_rides_5/ride_23577_20240323024147: blacklisted, skipping directory
output_rides_5/ride_23590_20240323032429: blacklisted, skipping directory
output_rides_5/ride_23644_20240323074034: blacklisted, skipping directory
output_rides_5/ride_23680_20240323115232: blacklisted, skipping directory
output_rides_5/ride_23727_20240323162523: blacklisted, skipping directory
output_rides_6/ride_23844_20240324053045: blacklisted, skipping directory
output_rides_6/ride_24006_20240325013325: blacklisted, skipping directory
output_rides_6/ride_24453_20240326101751: blacklisted, skipping directory
output_rides_6/ride_24547_20240326184017: blacklisted, skipping directory
output_rides_6/ride_24712_20240327092315: blacklisted, skipping directory
output_rides_6/ride_24716_20240327092809: blacklisted, skipping directory
output_rides_6/ride_24721_20240327093924: blacklisted, skipping directory
output_rides_6/ride_24749_20240327111851: blacklisted, skipping directory
output_rides_7/ride_24808_20240327151530: blacklisted, skipping directory
output_rides_7/ride_25028_20240328071732: blacklisted, skipping directory
output_rides_8/ride_26121_20240401214342: blacklisted, skipping directory
output_rides_8/ride_26144_20240402001442: blacklisted, skipping directory
output_rides_8/ride_26352_20240402235618: blacklisted, skipping directory
output_rides_8/ride_26356_20240403000507: blacklisted, skipping directory
output_rides_8/ride_26359_20240403000743: blacklisted, skipping directory
output_rides_8/ride_26361_20240403000848: blacklisted, skipping directory
output_rides_8/ride_26489_20240403110754: blacklisted, skipping directory
output_rides_8/ride_26490_20240403110807: blacklisted, skipping directory
output_rides_8/ride_26651_20240404053158: blacklisted, skipping directory
output_rides_8/ride_26731_20240404121348: blacklisted, skipping directory
output_rides_9/ride_27517_20240404140255: blacklisted, skipping directory
output_rides_9/ride_27667_20240405005148: blacklisted, skipping directory
output_rides_9/ride_27669_20240405005217: blacklisted, skipping directory
DATASET SIZE 9954
VAL DATASET SIZE 135
KV inference with 3 frames per block
[ActionPipeline] Reusing shared action_projection (dim=2).
[ActionPipeline] Action conditioning: True
Auto resume: No checkpoint found in logdir, starting from scratch
Using explicit checkpoint: /scratch/u5dk/as1748.u5dk/checkpoints/ode_init.pt
Loading checkpoint from /scratch/u5dk/as1748.u5dk/checkpoints/ode_init.pt
Loading pretrained generator from /scratch/u5dk/as1748.u5dk/checkpoints/ode_init.pt
Generator checkpoint missing action_projection weights; keeping freshly initialized projection.
Warning: Critic checkpoint not found.
Warning: EMA checkpoint not found or EMA not initialized.
No action projection weights in checkpoint; starting from freshly initialized module.
Warning: Generator optimizer checkpoint not found.
Warning: Critic optimizer checkpoint not found.
Warning: Step not found in checkpoint, starting from step 0.
Gradient accumulation steps: 1
[ERROR] Training crashed at step 0 with exception: action_modulation is required
[ERROR] Exception traceback:
Training completed on Thu Dec  4 06:29:05 PM UTC 2025
